<?xml version="1.0" encoding="UTF-8"?>
<testng-results skipped="0" failed="0" ignored="0" total="2" passed="2">
  <reporter-output>
  </reporter-output>
  <suite name="Surefire suite" duration-ms="82660" started-at="2020-09-02T15:55:20 IST" finished-at="2020-09-02T15:56:42 IST">
    <groups>
    </groups>
    <test name="Surefire test" duration-ms="82660" started-at="2020-09-02T15:55:20 IST" finished-at="2020-09-02T15:56:42 IST">
      <class name="MavenTutorials.MavenLearn.Demo1Test">
        <test-method status="PASS" signature="BrowserOpening()[pri:0, instance:MavenTutorials.MavenLearn.Demo1Test@49993335]" name="BrowserOpening" duration-ms="82591" started-at="2020-09-02T15:55:20 IST" finished-at="2020-09-02T15:56:42 IST">
          <reporter-output>
          </reporter-output>
        </test-method> <!-- BrowserOpening -->
        <test-method status="PASS" signature="Demo1()[pri:0, instance:MavenTutorials.MavenLearn.Demo1Test@49993335]" name="Demo1" duration-ms="1" started-at="2020-09-02T15:56:42 IST" finished-at="2020-09-02T15:56:42 IST">
          <reporter-output>
          </reporter-output>
        </test-method> <!-- Demo1 -->
      </class> <!-- MavenTutorials.MavenLearn.Demo1Test -->
    </test> <!-- Surefire test -->
  </suite> <!-- Surefire suite -->
</testng-results>
